<?xml version="1.0" encoding="UTF-8"?>
<robot generated="20181124 20:15:15.650" generator="Robot 3.0.4 (Python 2.7.15 on win32)">
<suite source="E:\ProjectsTeam\ProjectSQA\UAT013.robot" id="s1" name="UAT013">
<test id="s1-t1" name="Donate Detail Success">
<kw name="Open Browser" library="Selenium2Library">
<doc>Opens a new browser instance to the given ``url``.</doc>
<arguments>
<arg>${HOME URL}</arg>
<arg>${BROWSER}</arg>
</arguments>
<msg timestamp="20181124 20:15:16.021" level="INFO">Opening browser 'chrome' to base url 'http://localhost/AtomGame/public/home'.</msg>
<status status="PASS" endtime="20181124 20:15:24.272" starttime="20181124 20:15:16.020"></status>
</kw>
<kw name="Maximize Browser Window" library="Selenium2Library">
<doc>Maximizes current browser window.</doc>
<status status="PASS" endtime="20181124 20:15:25.409" starttime="20181124 20:15:24.273"></status>
</kw>
<kw name="Click Element" library="Selenium2Library">
<doc>Click element identified by ``locator``.</doc>
<arguments>
<arg>//*[@id="side-main-menu"]/li[6]/a</arg>
</arguments>
<msg timestamp="20181124 20:15:25.420" level="INFO">Clicking element '//*[@id="side-main-menu"]/li[6]/a'.</msg>
<status status="PASS" endtime="20181124 20:15:25.756" starttime="20181124 20:15:25.417"></status>
</kw>
<kw name="Click Element" library="Selenium2Library">
<doc>Click element identified by ``locator``.</doc>
<arguments>
<arg>//*[@id="pages-nav-list3"]/li[1]/a/div/div</arg>
</arguments>
<msg timestamp="20181124 20:15:25.757" level="INFO">Clicking element '//*[@id="pages-nav-list3"]/li[1]/a/div/div'.</msg>
<status status="PASS" endtime="20181124 20:15:26.018" starttime="20181124 20:15:25.757"></status>
</kw>
<kw name="Select Window" library="Selenium2Library">
<doc>Selects browser window matching ``locator``.</doc>
<arguments>
<arg>Title=Untitled</arg>
</arguments>
<kw name="Capture Page Screenshot" library="Selenium2Library">
<doc>Takes screenshot of the current page and embeds it into log file.</doc>
<msg timestamp="20181124 20:16:31.916" level="FAIL">NoSuchWindowException: Message: no such window: target window already closed
from unknown error: web view not found
  (Session info: chrome=70.0.3538.110)
  (Driver info: chromedriver=2.41.578737 (49da6702b16031c40d63e5618de03a32ff6c197e),platform=Windows NT 10.0.17134 x86_64)
</msg>
<status status="FAIL" endtime="20181124 20:16:31.916" starttime="20181124 20:16:31.908"></status>
</kw>
<msg timestamp="20181124 20:16:31.916" level="WARN">Keyword 'Capture Page Screenshot' could not be run on failure: NoSuchWindowException: Message: no such window: target window already closed
from unknown error: web view not found
  (Session info: chrome=70.0.3538.110)
  (Driver info: chromedriver=2.41.578737 (49da6702b16031c40d63e5618de03a32ff6c197e),platform=Windows NT 10.0.17134 x86_64)
</msg>
<msg timestamp="20181124 20:16:31.922" level="FAIL">TypeError: 'NoneType' object is not iterable</msg>
<status status="FAIL" endtime="20181124 20:16:31.922" starttime="20181124 20:15:26.020"></status>
</kw>
<kw type="teardown" name="Close Browser" library="Selenium2Library">
<doc>Closes the current browser.</doc>
<status status="PASS" endtime="20181124 20:16:34.107" starttime="20181124 20:16:31.922"></status>
</kw>
<tags>
<tag>MultiWindow</tag>
</tags>
<status status="FAIL" endtime="20181124 20:16:34.108" critical="yes" starttime="20181124 20:15:16.018">TypeError: 'NoneType' object is not iterable</status>
</test>
<status status="FAIL" endtime="20181124 20:16:34.112" starttime="20181124 20:15:15.657"></status>
</suite>
<statistics>
<total>
<stat fail="1" pass="0">Critical Tests</stat>
<stat fail="1" pass="0">All Tests</stat>
</total>
<tag>
<stat fail="1" pass="0">MultiWindow</stat>
</tag>
<suite>
<stat fail="1" id="s1" name="UAT013" pass="0">UAT013</stat>
</suite>
</statistics>
<errors>
<msg timestamp="20181124 20:16:31.916" level="WARN">Keyword 'Capture Page Screenshot' could not be run on failure: NoSuchWindowException: Message: no such window: target window already closed
from unknown error: web view not found
  (Session info: chrome=70.0.3538.110)
  (Driver info: chromedriver=2.41.578737 (49da6702b16031c40d63e5618de03a32ff6c197e),platform=Windows NT 10.0.17134 x86_64)
</msg>
</errors>
</robot>
